D:\Personal\project_1125\Debug\project_1125.pdb
D:\Personal\project_1125\project_1125\Debug\cl.command.1.tlog
D:\Personal\project_1125\project_1125\Debug\CL.read.1.tlog
D:\Personal\project_1125\project_1125\Debug\CL.write.1.tlog
D:\Personal\project_1125\project_1125\Debug\link.15000.read.1.tlog
D:\Personal\project_1125\project_1125\Debug\link.15000.write.1.tlog
D:\Personal\project_1125\project_1125\Debug\link.15000-cvtres.read.1.tlog
D:\Personal\project_1125\project_1125\Debug\link.15000-cvtres.write.1.tlog
D:\Personal\project_1125\project_1125\Debug\link.3544.read.1.tlog
D:\Personal\project_1125\project_1125\Debug\link.3544.write.1.tlog
D:\Personal\project_1125\project_1125\Debug\link.3544-cvtres.read.1.tlog
D:\Personal\project_1125\project_1125\Debug\link.3544-cvtres.write.1.tlog
D:\Personal\project_1125\project_1125\Debug\link.command.1.tlog
D:\Personal\project_1125\project_1125\Debug\link.read.1.tlog
D:\Personal\project_1125\project_1125\Debug\link.write.1.tlog
D:\Personal\project_1125\project_1125\Debug\link-cvtres.read.1.tlog
D:\Personal\project_1125\project_1125\Debug\link-cvtres.write.1.tlog
D:\PERSONAL\PROJECT_1125\PROJECT_1125\DEBUG\MAIN11_25.OBJ
D:\Personal\project_1125\project_1125\Debug\mt.command.1.tlog
D:\Personal\project_1125\project_1125\Debug\mt.read.1.tlog
D:\Personal\project_1125\project_1125\Debug\mt.write.1.tlog
D:\PERSONAL\PROJECT_1125\PROJECT_1125\DEBUG\PROJECT_1125.EXE.EMBED.MANIFEST
D:\PERSONAL\PROJECT_1125\PROJECT_1125\DEBUG\PROJECT_1125.EXE.EMBED.MANIFEST.RES
D:\Personal\project_1125\project_1125\Debug\project_1125.exe.intermediate.manifest
D:\Personal\project_1125\project_1125\Debug\project_1125.vcxprojResolveAssemblyReference.cache
D:\Personal\project_1125\project_1125\Debug\project_1125.write.1.tlog
D:\Personal\project_1125\project_1125\Debug\project_1125_manifest.rc
D:\Personal\project_1125\project_1125\Debug\rc.command.1.tlog
D:\Personal\project_1125\project_1125\Debug\rc.read.1.tlog
D:\Personal\project_1125\project_1125\Debug\rc.write.1.tlog
D:\Personal\project_1125\project_1125\Debug\vc100.idb
D:\PERSONAL\PROJECT_1125\PROJECT_1125\DEBUG\VC100.PDB
